<?xml version="1.0" encoding="UTF-8"?>
<!-- Generated by org.testng.reporters.JUnitReportReporter -->
<testsuite hostname="Shivani-B" failures="0" tests="1" name="GET_API_BDD.pathParameter" time="4.254" errors="0" timestamp="2025-09-20T12:31:15 IST" skipped="0">
  <testcase classname="GET_API_BDD.pathParameter" name="pathParam" time="4.254"/>
  <system-out/>
</testsuite> <!-- GET_API_BDD.pathParameter -->
