<?xml version="1.0" encoding="UTF-8"?>
<!-- Generated by org.testng.reporters.JUnitReportReporter -->
<testsuite hostname="Shivani-B" failures="0" tests="1" name="k_DeserializationWithJSONArrayResponse.GetALLUsersTest" time="3.065" errors="0" timestamp="2025-10-19T11:35:47 IST" skipped="0">
  <testcase classname="k_DeserializationWithJSONArrayResponse.GetALLUsersTest" name="getAllUsersTest" time="3.065"/>
  <system-out/>
</testsuite> <!-- k_DeserializationWithJSONArrayResponse.GetALLUsersTest -->
