<?xml version="1.0" encoding="UTF-8"?>
<!-- Generated by org.testng.reporters.JUnitReportReporter -->
<testsuite hostname="Shivani-B" failures="0" tests="1" name="g_POJO_with_lombok.createUserUsingLombok" time="4.469" errors="0" timestamp="2025-10-11T16:58:58 IST" skipped="0">
  <testcase classname="g_POJO_with_lombok.createUserUsingLombok" name="createUserWithPOJOLombokBuilderTest" time="4.469"/>
  <system-out/>
</testsuite> <!-- g_POJO_with_lombok.createUserUsingLombok -->
