<?xml version="1.0" encoding="UTF-8"?>
<!-- Generated by org.testng.reporters.JUnitReportReporter -->
<testsuite hostname="Shivani-B" failures="0" tests="1" name="f_usingPOJO.UpdateUser" time="4.900" errors="0" timestamp="2025-10-04T20:36:26 IST" skipped="0">
  <testcase classname="f_usingPOJO.UpdateUser" name="updateUserTest" time="4.900"/>
  <system-out/>
</testsuite> <!-- f_usingPOJO.UpdateUser -->
