<?xml version="1.0" encoding="UTF-8"?>
<!-- Generated by org.testng.reporters.JUnitReportReporter -->
<testsuite hostname="Shivani-B" failures="0" tests="1" name="i_FakeUserAPITest.CreateAFakeUserTest" time="6.107" errors="0" timestamp="2025-10-11T19:51:30 IST" skipped="0">
  <testcase classname="i_FakeUserAPITest.CreateAFakeUserTest" name="createAPetTest" time="6.107"/>
  <system-out/>
</testsuite> <!-- i_FakeUserAPITest.CreateAFakeUserTest -->
