<?xml version="1.0" encoding="UTF-8"?>
<!-- Generated by org.testng.reporters.JUnitReportReporter -->
<testsuite hostname="Shivani-B" failures="0" tests="1" name="h_PETAPIWithLombo.CreatePetAPITest" time="4.836" errors="0" timestamp="2025-10-11T17:43:53 IST" skipped="0">
  <testcase classname="h_PETAPIWithLombo.CreatePetAPITest" name="createAPetTest" time="4.836"/>
  <system-out/>
</testsuite> <!-- h_PETAPIWithLombo.CreatePetAPITest -->
