<?xml version="1.0" encoding="UTF-8"?>
<!-- Generated by org.testng.reporters.JUnitReportReporter -->
<testsuite hostname="Shivani-B" failures="0" tests="1" name="f_usingPOJO.CreateUserUsingPOJOTest" time="4.474" errors="0" timestamp="2025-10-04T20:22:47 IST" skipped="0">
  <testcase classname="f_usingPOJO.CreateUserUsingPOJOTest" name="createUserTest" time="4.474"/>
  <system-out/>
</testsuite> <!-- f_usingPOJO.CreateUserUsingPOJOTest -->
