<?xml version="1.0" encoding="UTF-8"?>
<!-- Generated by org.testng.reporters.JUnitReportReporter -->
<testsuite hostname="Shivani-B" failures="0" tests="1" name="d_POSTAPIWithDifferentBodyTypes.POSTAPIWithDifferentBodyTest" time="4.127" errors="0" timestamp="2025-09-28T14:01:04 IST" skipped="0">
  <testcase classname="d_POSTAPIWithDifferentBodyTypes.POSTAPIWithDifferentBodyTest" name="bodyWithTextTest" time="4.127"/>
  <system-out/>
</testsuite> <!-- d_POSTAPIWithDifferentBodyTypes.POSTAPIWithDifferentBodyTest -->
