<?xml version="1.0" encoding="UTF-8"?>
<!-- Generated by org.testng.reporters.JUnitReportReporter -->
<testsuite hostname="Shivani-B" failures="0" tests="1" name="GET_API_BDD.GoRestBDD" time="1.614" errors="0" timestamp="2025-09-20T12:00:20 IST" skipped="0">
  <testcase classname="GET_API_BDD.GoRestBDD" name="getSingleUser" time="1.614"/>
  <system-out/>
</testsuite> <!-- GET_API_BDD.GoRestBDD -->
