<?xml version="1.0" encoding="UTF-8"?>
<!-- Generated by org.testng.reporters.JUnitReportReporter -->
<testsuite hostname="Shivani-B" failures="0" tests="1" name="a_GET_API_BDD.ContactsAPItest" time="5.072" errors="0" timestamp="2025-09-28T14:02:04 IST" skipped="0">
  <testcase classname="a_GET_API_BDD.ContactsAPItest" name="getAuthErrorMessageTest" time="5.072"/>
  <system-out/>
</testsuite> <!-- a_GET_API_BDD.ContactsAPItest -->
