<?xml version="1.0" encoding="UTF-8"?>
<!-- Generated by org.testng.reporters.JUnitReportReporter -->
<testsuite hostname="Shivani-B" failures="0" tests="2" name="GET_API_BDD.QueryParameter" time="2.257" errors="0" timestamp="2025-09-25T13:16:46 IST" skipped="0">
  <testcase classname="GET_API_BDD.QueryParameter" name="queryParamWithHashmap" time="0.288"/>
  <system-out/>
  <testcase classname="GET_API_BDD.QueryParameter" name="queryParam" time="1.969"/>
  <system-out/>
</testsuite> <!-- GET_API_BDD.QueryParameter -->
