<?xml version="1.0" encoding="UTF-8"?>
<!-- Generated by org.testng.reporters.JUnitReportReporter -->
<testsuite hostname="Shivani-B" failures="0" tests="1" name="a_GET_API_BDD.GoRestAPITest" time="4.329" errors="0" timestamp="2025-09-28T14:10:44 IST" skipped="0">
  <testcase classname="a_GET_API_BDD.GoRestAPITest" name="getSingleUser" time="4.329"/>
  <system-out/>
</testsuite> <!-- a_GET_API_BDD.GoRestAPITest -->
