<?xml version="1.0" encoding="UTF-8"?>
<!-- Generated by org.testng.reporters.JUnitReportReporter -->
<testsuite hostname="Shivani-B" failures="0" tests="1" name="j_DeserilizationWithGETCALL.GetUserAPITest" time="4.432" errors="0" timestamp="2025-10-11T20:20:18 IST" skipped="0">
  <testcase classname="j_DeserilizationWithGETCALL.GetUserAPITest" name="getASingleUesrTest" time="4.432"/>
  <system-out/>
</testsuite> <!-- j_DeserilizationWithGETCALL.GetUserAPITest -->
