<?xml version="1.0" encoding="UTF-8"?>
<!-- Generated by org.testng.reporters.JUnitReportReporter -->
<testsuite hostname="Shivani-B" failures="0" tests="1" name="c_postAPI_test.CreateUserTest" time="3.666" errors="0" timestamp="2025-09-28T14:54:56 IST" skipped="0">
  <testcase classname="c_postAPI_test.CreateUserTest" name="createUserWithJsonFileWithEmailReplacementTest" time="3.666"/>
  <system-out/>
</testsuite> <!-- c_postAPI_test.CreateUserTest -->
