<?xml version="1.0" encoding="UTF-8"?>
<!-- Generated by org.testng.reporters.JUnitReportReporter -->
<testsuite hostname="Shivani-B" failures="0" tests="1" name="postAPI_test.CreateUserTest" time="3.484" errors="0" timestamp="2025-09-25T16:16:19 IST" skipped="0">
  <testcase classname="postAPI_test.CreateUserTest" name="createUserWithJsonFileWithEmailReplacementTest" time="3.484"/>
  <system-out/>
</testsuite> <!-- postAPI_test.CreateUserTest -->
