<?xml version="1.0" encoding="UTF-8"?>
<!-- Generated by org.testng.reporters.JUnitReportReporter -->
<testsuite hostname="Shivani-B" failures="0" tests="1" name="e_CreateUserWithPost.CreateUserAPITest" time="2.372" errors="0" timestamp="2025-10-04T17:05:38 IST" skipped="0">
  <testcase classname="e_CreateUserWithPost.CreateUserAPITest" name="createAUserTest" time="2.372"/>
  <system-out/>
</testsuite> <!-- e_CreateUserWithPost.CreateUserAPITest -->
