<?xml version="1.0" encoding="UTF-8"?>
<!-- Generated by org.testng.reporters.JUnitReportReporter -->
<testsuite hostname="Shivani-B" failures="0" tests="1" name="f_usingPOJO.DeleteUser" time="4.699" errors="0" timestamp="2025-10-04T20:45:36 IST" skipped="0">
  <testcase classname="f_usingPOJO.DeleteUser" name="updateUserTest" time="4.699"/>
  <system-out/>
</testsuite> <!-- f_usingPOJO.DeleteUser -->
