<?xml version="1.0" encoding="UTF-8"?>
<!-- Generated by org.testng.reporters.JUnitReportReporter -->
<testsuite hostname="Shivani-B" failures="0" tests="1" name="GET_API_NON_BDD.GetContactsAPI" time="2.722" errors="0" timestamp="2025-09-25T14:20:10 IST" skipped="0">
  <testcase classname="GET_API_NON_BDD.GetContactsAPI" name="getContactsTest" time="2.722"/>
  <system-out/>
</testsuite> <!-- GET_API_NON_BDD.GetContactsAPI -->
