<?xml version="1.0" encoding="UTF-8"?>
<!-- Generated by org.testng.reporters.JUnitReportReporter -->
<testsuite hostname="Shivani-B" failures="0" tests="1" name="g_POJO_with_lombok.createUserUsingLombok" time="4.386" errors="0" timestamp="2025-10-04T21:37:08 IST" skipped="0">
  <testcase classname="g_POJO_with_lombok.createUserUsingLombok" name="createUserTest" time="4.386"/>
  <system-out/>
</testsuite> <!-- g_POJO_with_lombok.createUserUsingLombok -->
